Created by PLY version 3.4 (http://www.dabeaz.com/ply)

Grammar

Rule 0     S' -> command
Rule 1     command -> define_cmd
Rule 2     command -> set_cmd
Rule 3     command -> create_cmd
Rule 4     command -> insert_cmd
Rule 5     command -> delete_cmd
Rule 6     command -> update_cmd
Rule 7     command -> select_cmd
Rule 8     define_cmd -> DEFINE RELATION WORD
Rule 9     set_cmd -> SET ATTRIBUTE CHARACTER NUMBER WORD
Rule 10    set_cmd -> SET ATTRIBUTE INTEGER WORD RANGE NUMBER NUMBER
Rule 11    set_cmd -> SET ATTRIBUTE INTEGER WORD
Rule 12    set_cmd -> SET PRIMARY KEY WORD
Rule 13    create_cmd -> CREATE TABLE WORD WORD
Rule 14    insert_cmd -> INSERT WORD attribute_expr
Rule 15    attribute_expr -> WORD attribute_expr
Rule 16    attribute_expr -> NUMBER attribute_expr
Rule 17    attribute_expr -> <empty>
Rule 18    delete_cmd -> DELETE WORD NUMBER
Rule 19    update_cmd -> UPDATE WORD NUMBER attribute_expr
Rule 20    select_cmd -> SELECT WORD FROM WORD WHERE expr
Rule 21    expr -> WORD EQUAL NUMBER
Rule 22    expr -> WORD GREATER NUMBER
Rule 23    expr -> WORD LESS NUMBER

Terminals, with rules where they appear

ATTRIBUTE            : 9 10 11
CHARACTER            : 9
CREATE               : 13
DEFINE               : 8
DELETE               : 18
EQUAL                : 21
FROM                 : 20
GREATER              : 22
INSERT               : 14
INTEGER              : 10 11
KEY                  : 12
LESS                 : 23
NUMBER               : 9 10 10 16 18 19 21 22 23
PRIMARY              : 12
RANGE                : 10
RELATION             : 8
SELECT               : 20
SET                  : 9 10 11 12
TABLE                : 13
UPDATE               : 19
WHERE                : 20
WORD                 : 8 9 10 11 12 13 13 14 15 18 19 20 20 21 22 23
error                : 

Nonterminals, with rules where they appear

attribute_expr       : 14 15 16 19
command              : 0
create_cmd           : 3
define_cmd           : 1
delete_cmd           : 5
expr                 : 20
insert_cmd           : 4
select_cmd           : 7
set_cmd              : 2
update_cmd           : 6

Parsing method: LALR

state 0

    (0) S' -> . command
    (1) command -> . define_cmd
    (2) command -> . set_cmd
    (3) command -> . create_cmd
    (4) command -> . insert_cmd
    (5) command -> . delete_cmd
    (6) command -> . update_cmd
    (7) command -> . select_cmd
    (8) define_cmd -> . DEFINE RELATION WORD
    (9) set_cmd -> . SET ATTRIBUTE CHARACTER NUMBER WORD
    (10) set_cmd -> . SET ATTRIBUTE INTEGER WORD RANGE NUMBER NUMBER
    (11) set_cmd -> . SET ATTRIBUTE INTEGER WORD
    (12) set_cmd -> . SET PRIMARY KEY WORD
    (13) create_cmd -> . CREATE TABLE WORD WORD
    (14) insert_cmd -> . INSERT WORD attribute_expr
    (18) delete_cmd -> . DELETE WORD NUMBER
    (19) update_cmd -> . UPDATE WORD NUMBER attribute_expr
    (20) select_cmd -> . SELECT WORD FROM WORD WHERE expr

    DEFINE          shift and go to state 9
    SET             shift and go to state 13
    CREATE          shift and go to state 14
    INSERT          shift and go to state 4
    DELETE          shift and go to state 6
    UPDATE          shift and go to state 1
    SELECT          shift and go to state 5

    update_cmd                     shift and go to state 10
    select_cmd                     shift and go to state 8
    define_cmd                     shift and go to state 7
    create_cmd                     shift and go to state 11
    delete_cmd                     shift and go to state 12
    command                        shift and go to state 2
    insert_cmd                     shift and go to state 3
    set_cmd                        shift and go to state 15

state 1

    (19) update_cmd -> UPDATE . WORD NUMBER attribute_expr

    WORD            shift and go to state 16


state 2

    (0) S' -> command .



state 3

    (4) command -> insert_cmd .

    $end            reduce using rule 4 (command -> insert_cmd .)


state 4

    (14) insert_cmd -> INSERT . WORD attribute_expr

    WORD            shift and go to state 17


state 5

    (20) select_cmd -> SELECT . WORD FROM WORD WHERE expr

    WORD            shift and go to state 18


state 6

    (18) delete_cmd -> DELETE . WORD NUMBER

    WORD            shift and go to state 19


state 7

    (1) command -> define_cmd .

    $end            reduce using rule 1 (command -> define_cmd .)


state 8

    (7) command -> select_cmd .

    $end            reduce using rule 7 (command -> select_cmd .)


state 9

    (8) define_cmd -> DEFINE . RELATION WORD

    RELATION        shift and go to state 20


state 10

    (6) command -> update_cmd .

    $end            reduce using rule 6 (command -> update_cmd .)


state 11

    (3) command -> create_cmd .

    $end            reduce using rule 3 (command -> create_cmd .)


state 12

    (5) command -> delete_cmd .

    $end            reduce using rule 5 (command -> delete_cmd .)


state 13

    (9) set_cmd -> SET . ATTRIBUTE CHARACTER NUMBER WORD
    (10) set_cmd -> SET . ATTRIBUTE INTEGER WORD RANGE NUMBER NUMBER
    (11) set_cmd -> SET . ATTRIBUTE INTEGER WORD
    (12) set_cmd -> SET . PRIMARY KEY WORD

    ATTRIBUTE       shift and go to state 21
    PRIMARY         shift and go to state 22


state 14

    (13) create_cmd -> CREATE . TABLE WORD WORD

    TABLE           shift and go to state 23


state 15

    (2) command -> set_cmd .

    $end            reduce using rule 2 (command -> set_cmd .)


state 16

    (19) update_cmd -> UPDATE WORD . NUMBER attribute_expr

    NUMBER          shift and go to state 24


state 17

    (14) insert_cmd -> INSERT WORD . attribute_expr
    (15) attribute_expr -> . WORD attribute_expr
    (16) attribute_expr -> . NUMBER attribute_expr
    (17) attribute_expr -> .

    WORD            shift and go to state 26
    NUMBER          shift and go to state 25
    $end            reduce using rule 17 (attribute_expr -> .)

    attribute_expr                 shift and go to state 27

state 18

    (20) select_cmd -> SELECT WORD . FROM WORD WHERE expr

    FROM            shift and go to state 28


state 19

    (18) delete_cmd -> DELETE WORD . NUMBER

    NUMBER          shift and go to state 29


state 20

    (8) define_cmd -> DEFINE RELATION . WORD

    WORD            shift and go to state 30


state 21

    (9) set_cmd -> SET ATTRIBUTE . CHARACTER NUMBER WORD
    (10) set_cmd -> SET ATTRIBUTE . INTEGER WORD RANGE NUMBER NUMBER
    (11) set_cmd -> SET ATTRIBUTE . INTEGER WORD

    CHARACTER       shift and go to state 32
    INTEGER         shift and go to state 31


state 22

    (12) set_cmd -> SET PRIMARY . KEY WORD

    KEY             shift and go to state 33


state 23

    (13) create_cmd -> CREATE TABLE . WORD WORD

    WORD            shift and go to state 34


state 24

    (19) update_cmd -> UPDATE WORD NUMBER . attribute_expr
    (15) attribute_expr -> . WORD attribute_expr
    (16) attribute_expr -> . NUMBER attribute_expr
    (17) attribute_expr -> .

    WORD            shift and go to state 26
    NUMBER          shift and go to state 25
    $end            reduce using rule 17 (attribute_expr -> .)

    attribute_expr                 shift and go to state 35

state 25

    (16) attribute_expr -> NUMBER . attribute_expr
    (15) attribute_expr -> . WORD attribute_expr
    (16) attribute_expr -> . NUMBER attribute_expr
    (17) attribute_expr -> .

    WORD            shift and go to state 26
    NUMBER          shift and go to state 25
    $end            reduce using rule 17 (attribute_expr -> .)

    attribute_expr                 shift and go to state 36

state 26

    (15) attribute_expr -> WORD . attribute_expr
    (15) attribute_expr -> . WORD attribute_expr
    (16) attribute_expr -> . NUMBER attribute_expr
    (17) attribute_expr -> .

    WORD            shift and go to state 26
    NUMBER          shift and go to state 25
    $end            reduce using rule 17 (attribute_expr -> .)

    attribute_expr                 shift and go to state 37

state 27

    (14) insert_cmd -> INSERT WORD attribute_expr .

    $end            reduce using rule 14 (insert_cmd -> INSERT WORD attribute_expr .)


state 28

    (20) select_cmd -> SELECT WORD FROM . WORD WHERE expr

    WORD            shift and go to state 38


state 29

    (18) delete_cmd -> DELETE WORD NUMBER .

    $end            reduce using rule 18 (delete_cmd -> DELETE WORD NUMBER .)


state 30

    (8) define_cmd -> DEFINE RELATION WORD .

    $end            reduce using rule 8 (define_cmd -> DEFINE RELATION WORD .)


state 31

    (10) set_cmd -> SET ATTRIBUTE INTEGER . WORD RANGE NUMBER NUMBER
    (11) set_cmd -> SET ATTRIBUTE INTEGER . WORD

    WORD            shift and go to state 39


state 32

    (9) set_cmd -> SET ATTRIBUTE CHARACTER . NUMBER WORD

    NUMBER          shift and go to state 40


state 33

    (12) set_cmd -> SET PRIMARY KEY . WORD

    WORD            shift and go to state 41


state 34

    (13) create_cmd -> CREATE TABLE WORD . WORD

    WORD            shift and go to state 42


state 35

    (19) update_cmd -> UPDATE WORD NUMBER attribute_expr .

    $end            reduce using rule 19 (update_cmd -> UPDATE WORD NUMBER attribute_expr .)


state 36

    (16) attribute_expr -> NUMBER attribute_expr .

    $end            reduce using rule 16 (attribute_expr -> NUMBER attribute_expr .)


state 37

    (15) attribute_expr -> WORD attribute_expr .

    $end            reduce using rule 15 (attribute_expr -> WORD attribute_expr .)


state 38

    (20) select_cmd -> SELECT WORD FROM WORD . WHERE expr

    WHERE           shift and go to state 43


state 39

    (10) set_cmd -> SET ATTRIBUTE INTEGER WORD . RANGE NUMBER NUMBER
    (11) set_cmd -> SET ATTRIBUTE INTEGER WORD .

    RANGE           shift and go to state 44
    $end            reduce using rule 11 (set_cmd -> SET ATTRIBUTE INTEGER WORD .)


state 40

    (9) set_cmd -> SET ATTRIBUTE CHARACTER NUMBER . WORD

    WORD            shift and go to state 45


state 41

    (12) set_cmd -> SET PRIMARY KEY WORD .

    $end            reduce using rule 12 (set_cmd -> SET PRIMARY KEY WORD .)


state 42

    (13) create_cmd -> CREATE TABLE WORD WORD .

    $end            reduce using rule 13 (create_cmd -> CREATE TABLE WORD WORD .)


state 43

    (20) select_cmd -> SELECT WORD FROM WORD WHERE . expr
    (21) expr -> . WORD EQUAL NUMBER
    (22) expr -> . WORD GREATER NUMBER
    (23) expr -> . WORD LESS NUMBER

    WORD            shift and go to state 46

    expr                           shift and go to state 47

state 44

    (10) set_cmd -> SET ATTRIBUTE INTEGER WORD RANGE . NUMBER NUMBER

    NUMBER          shift and go to state 48


state 45

    (9) set_cmd -> SET ATTRIBUTE CHARACTER NUMBER WORD .

    $end            reduce using rule 9 (set_cmd -> SET ATTRIBUTE CHARACTER NUMBER WORD .)


state 46

    (21) expr -> WORD . EQUAL NUMBER
    (22) expr -> WORD . GREATER NUMBER
    (23) expr -> WORD . LESS NUMBER

    EQUAL           shift and go to state 49
    GREATER         shift and go to state 51
    LESS            shift and go to state 50


state 47

    (20) select_cmd -> SELECT WORD FROM WORD WHERE expr .

    $end            reduce using rule 20 (select_cmd -> SELECT WORD FROM WORD WHERE expr .)


state 48

    (10) set_cmd -> SET ATTRIBUTE INTEGER WORD RANGE NUMBER . NUMBER

    NUMBER          shift and go to state 52


state 49

    (21) expr -> WORD EQUAL . NUMBER

    NUMBER          shift and go to state 53


state 50

    (23) expr -> WORD LESS . NUMBER

    NUMBER          shift and go to state 54


state 51

    (22) expr -> WORD GREATER . NUMBER

    NUMBER          shift and go to state 55


state 52

    (10) set_cmd -> SET ATTRIBUTE INTEGER WORD RANGE NUMBER NUMBER .

    $end            reduce using rule 10 (set_cmd -> SET ATTRIBUTE INTEGER WORD RANGE NUMBER NUMBER .)


state 53

    (21) expr -> WORD EQUAL NUMBER .

    $end            reduce using rule 21 (expr -> WORD EQUAL NUMBER .)


state 54

    (23) expr -> WORD LESS NUMBER .

    $end            reduce using rule 23 (expr -> WORD LESS NUMBER .)


state 55

    (22) expr -> WORD GREATER NUMBER .

    $end            reduce using rule 22 (expr -> WORD GREATER NUMBER .)

